<?xml version="1.0" encoding="UTF-8"?>
<!-- Generated by org.testng.reporters.JUnitReportReporter -->
<testsuite hostname="Shekar" failures="0" tests="1" name="EcommerceProject.TC_02" time="65.287" errors="0" timestamp="2025-05-28T00:54:27 IST" skipped="0">
  <testcase classname="EcommerceProject.TC_02" name="FillForm" time="65.287"/>
</testsuite> <!-- EcommerceProject.TC_02 -->
