<?xml version="1.0" encoding="UTF-8"?>
<!-- Generated by org.testng.reporters.JUnitReportReporter -->
<testsuite hostname="Shekar" failures="0" tests="1" name="EcommerceProject.TC_01" time="50.428" errors="0" timestamp="2025-05-26T11:53:34 IST" skipped="0">
  <testcase classname="EcommerceProject.TC_01" name="FillForm" time="50.428"/>
</testsuite> <!-- EcommerceProject.TC_01 -->
