<?xml version="1.0" encoding="UTF-8"?>
<!-- Generated by org.testng.reporters.JUnitReportReporter -->
<testsuite hostname="Shekar" failures="0" tests="1" name="rahulshettyacademy.AppiumBasics" time="13.241" errors="0" timestamp="2025-05-07T23:38:17 IST" skipped="0">
  <testcase classname="rahulshettyacademy.AppiumBasics" name="WifiSettingsName" time="13.241"/>
</testsuite> <!-- rahulshettyacademy.AppiumBasics -->
