<?xml version="1.0" encoding="UTF-8"?>
<!-- Generated by org.testng.reporters.JUnitReportReporter -->
<testsuite hostname="Shekar" failures="0" tests="1" name="rahulshettyacademy.ScrollDemo" time="15.719" errors="0" timestamp="2025-05-09T17:04:55 IST" skipped="0">
  <testcase classname="rahulshettyacademy.ScrollDemo" name="LongPressGestures" time="15.719"/>
</testsuite> <!-- rahulshettyacademy.ScrollDemo -->
