<?xml version="1.0" encoding="UTF-8"?>
<!-- Generated by org.testng.reporters.JUnitReportReporter -->
<testsuite hostname="Shekar" failures="0" tests="1" name="EcommerceProject.BaseTest" time="28.620" errors="0" timestamp="2025-05-14T23:27:45 IST" skipped="0">
  <testcase classname="EcommerceProject.BaseTest" name="ConfigureAppium" time="28.620"/>
</testsuite> <!-- EcommerceProject.BaseTest -->
