<?xml version="1.0" encoding="UTF-8"?>
<!-- Generated by org.testng.reporters.JUnitReportReporter -->
<testsuite hostname="Shekar" failures="0" tests="1" name="EcommerceProject.TC_03" time="56.702" errors="0" timestamp="2025-05-29T16:32:06 IST" skipped="0">
  <testcase classname="EcommerceProject.TC_03" name="FillForm" time="56.702"/>
</testsuite> <!-- EcommerceProject.TC_03 -->
