<?xml version="1.0" encoding="UTF-8"?>
<!-- Generated by org.testng.reporters.JUnitReportReporter -->
<testsuite hostname="Shekar" failures="0" tests="1" name="rahulshettyacademy.MisceallanousAppium" time="20.128" errors="0" timestamp="2025-05-13T12:40:34 IST" skipped="0">
  <testcase classname="rahulshettyacademy.MisceallanousAppium" name="Miscellaneous" time="20.128"/>
</testsuite> <!-- rahulshettyacademy.MisceallanousAppium -->
