<?xml version="1.0" encoding="UTF-8"?>
<!-- Generated by org.testng.reporters.JUnitReportReporter -->
<testsuite hostname="Shekar" failures="0" tests="1" name="rahulshettyacademy.LongPress" time="14.514" errors="0" timestamp="2025-05-09T15:47:45 IST" skipped="0">
  <testcase classname="rahulshettyacademy.LongPress" name="LongPressGestures" time="14.514"/>
</testsuite> <!-- rahulshettyacademy.LongPress -->
