<?xml version="1.0" encoding="UTF-8"?>
<!-- Generated by org.testng.reporters.JUnitReportReporter -->
<testsuite hostname="Shekar" failures="0" tests="1" name="EcommerceProject.TC_04_HybridApp" time="102.697" errors="0" timestamp="2025-05-30T15:13:21 IST" skipped="0">
  <testcase classname="EcommerceProject.TC_04_HybridApp" name="FillForm" time="102.697"/>
</testsuite> <!-- EcommerceProject.TC_04_HybridApp -->
