<?xml version="1.0" encoding="UTF-8"?>
<!-- Generated by org.testng.reporters.JUnitReportReporter -->
<testsuite hostname="Shekar" failures="0" tests="1" name="rahulshettyacademy.DragAndDropDemo" time="14.058" errors="0" timestamp="2025-05-13T12:18:21 IST" skipped="0">
  <testcase classname="rahulshettyacademy.DragAndDropDemo" name="DragAndDropTest" time="14.058"/>
</testsuite> <!-- rahulshettyacademy.DragAndDropDemo -->
