<?xml version="1.0" encoding="UTF-8"?>
<!-- Generated by org.testng.reporters.JUnitReportReporter -->
<testsuite hostname="Shekar" failures="0" tests="1" name="rahulshettyacademy.SwipeDemo" time="10.762" errors="0" timestamp="2025-05-12T16:18:17 IST" skipped="0">
  <testcase classname="rahulshettyacademy.SwipeDemo" name="SwipeDemoTest" time="10.762"/>
</testsuite> <!-- rahulshettyacademy.SwipeDemo -->
