<?xml version="1.0" encoding="UTF-8"?>
<!-- Generated by org.testng.reporters.JUnitReportReporter -->
<testsuite hostname="Shekar" failures="0" tests="1" name="MobileBrowserTesting.MobileBrowserTest" time="12.201" errors="0" timestamp="2025-05-30T15:56:06 IST" skipped="0">
  <testcase classname="MobileBrowserTesting.MobileBrowserTest" name="browserTest" time="12.201"/>
</testsuite> <!-- MobileBrowserTesting.MobileBrowserTest -->
