<?xml version="1.0" encoding="UTF-8"?>
<!-- Generated by org.testng.reporters.JUnitReportReporter -->
<testsuite hostname="Shekar" failures="0" tests="1" name="rahulshettyacademy.MisceallanousAppium" time="17.516" errors="0" timestamp="2025-05-14T22:56:41 IST" skipped="0">
  <testcase classname="rahulshettyacademy.MisceallanousAppium" name="Miscellaneous" time="17.516"/>
</testsuite> <!-- rahulshettyacademy.MisceallanousAppium -->
